Using pre-set license
Built from '2020.2/staging' branch; Version is '2020.2.7f1 (c53830e277f1) revision 12924976'; Using compiler version '192528614'; Build Type 'Release'
OS: 'Windows 10 Home; OS build 19042.1052; Version 2009; 64bit' Language: 'en' Physical Memory: 8072 MB
BatchMode: 1, IsHumanControllingUs: 0, StartBugReporterOnCrash: 0, Is64bit: 1, IsPro: 0

 COMMAND LINE ARGUMENTS:
C:\Program Files\Unity\Hub\Editor\2020.2.7f1\Editor\Unity.exe
-adb2
-batchMode
-noUpm
-name
AssetImportWorker0
-projectPath
C:/GitHub/GMTK2021/GMTK21
-logFile
Logs/AssetImportWorker0.log
-srvPort
52382
Successfully changed project path to: C:/GitHub/GMTK2021/GMTK21
C:/GitHub/GMTK2021/GMTK21
Using Asset Import Pipeline V2.
Refreshing native plugins compatible for Editor in 56.88 ms, found 1 plugins.
Preloading 0 native plugins for Editor in 0.00 ms.
Initialize engine version: 2020.2.7f1 (c53830e277f1)
[Subsystems] Discovering subsystems at path C:/Program Files/Unity/Hub/Editor/2020.2.7f1/Editor/Data/Resources/UnitySubsystems
[Subsystems] Discovering subsystems at path C:/GitHub/GMTK2021/GMTK21/Assets
GfxDevice: creating device client; threaded=0
Direct3D:
    Version:  Direct3D 11.0 [level 11.1]
    Renderer: NVIDIA GeForce GTX 1650 (ID=0x1f91)
    Vendor:   
    VRAM:     3962 MB
    Driver:   27.21.14.5167
Initialize mono
Mono path[0] = 'C:/Program Files/Unity/Hub/Editor/2020.2.7f1/Editor/Data/Managed'
Mono path[1] = 'C:/Program Files/Unity/Hub/Editor/2020.2.7f1/Editor/Data/MonoBleedingEdge/lib/mono/unityjit'
Mono config path = 'C:/Program Files/Unity/Hub/Editor/2020.2.7f1/Editor/Data/MonoBleedingEdge/etc'
Using monoOptions --debugger-agent=transport=dt_socket,embedding=1,server=y,suspend=n,address=127.0.0.1:56208
Begin MonoManager ReloadAssembly
Registering precompiled unity dll's ...
Register platform support module: C:/Program Files/Unity/Hub/Editor/2020.2.7f1/Editor/Data/PlaybackEngines/WebGLSupport/UnityEditor.WebGL.Extensions.dll
Register platform support module: C:/Program Files/Unity/Hub/Editor/2020.2.7f1/Editor/Data/PlaybackEngines/MacStandaloneSupport/UnityEditor.OSXStandalone.Extensions.dll
Register platform support module: C:/Program Files/Unity/Hub/Editor/2020.2.7f1/Editor/Data/PlaybackEngines/WindowsStandaloneSupport/UnityEditor.WindowsStandalone.Extensions.dll
Register platform support module: C:/Program Files/Unity/Hub/Editor/2020.2.7f1/Editor/Data/PlaybackEngines/LinuxStandaloneSupport/UnityEditor.LinuxStandalone.Extensions.dll
Registered in 0.006307 seconds.
Native extension for LinuxStandalone target not found
Native extension for WindowsStandalone target not found
Native extension for OSXStandalone target not found
Native extension for WebGL target not found
Refreshing native plugins compatible for Editor in 65.68 ms, found 1 plugins.
Preloading 0 native plugins for Editor in 0.00 ms.
Invoked RoslynAnalysisRunner static constructor.
RoslynAnalysisRunner will not be running.
RoslynAnalysisRunner has terminated.
Mono: successfully reloaded assembly
- Completed reload, in  2.162 seconds
Platform modules already initialized, skipping
Registering precompiled user dll's ...
Registered in 0.001946 seconds.
Begin MonoManager ReloadAssembly
Native extension for LinuxStandalone target not found
Native extension for WindowsStandalone target not found
Native extension for OSXStandalone target not found
Native extension for WebGL target not found
Refreshing native plugins compatible for Editor in 43.17 ms, found 1 plugins.
Preloading 0 native plugins for Editor in 0.00 ms.
Invoked RoslynAnalysisRunner static constructor.
RoslynAnalysisRunner will not be running.
RoslynAnalysisRunner has terminated.
Mono: successfully reloaded assembly
- Completed reload, in  1.330 seconds
Platform modules already initialized, skipping
========================================================================
Worker process is ready to serve import requests
Launched and connected shader compiler UnityShaderCompiler.exe after 0.04 seconds
Refreshing native plugins compatible for Editor in 0.44 ms, found 1 plugins.
Preloading 0 native plugins for Editor in 0.00 ms.
Unloading 1964 Unused Serialized files (Serialized files now loaded: 0)
System memory in use before: 90.0 MB.
System memory in use after: 89.9 MB.

Unloading 25 unused Assets to reduce memory usage. Loaded Objects now: 2407.
Total: 3.069400 ms (FindLiveObjects: 0.649900 ms CreateObjectMapping: 0.308900 ms MarkObjects: 1.987000 ms  DeleteObjects: 0.122300 ms)

========================================================================
Received Import Request.
  path: Assets/Scripts/NutSpawner.cs
  artifactKey: Guid(9eeaeb0d32b382643be2f566408aa97a) Importer(815301076,1909f56bfc062723c751e8b465ee728b)
Start importing Assets/Scripts/NutSpawner.cs using Guid(9eeaeb0d32b382643be2f566408aa97a) Importer(815301076,1909f56bfc062723c751e8b465ee728b)  -> (artifact id: '61cd32467fadc8d48cc75701136dc344') in 0.051678 seconds
  Import took 0.056619 seconds .

========================================================================
Received Import Request.
  Time since last request: 102.262923 seconds.
  path: Assets/Palletes/Bolt.prefab
  artifactKey: Guid(7e3496f413d0d184d96c22d037c712d6) Importer(815301076,1909f56bfc062723c751e8b465ee728b)
Start importing Assets/Palletes/Bolt.prefab using Guid(7e3496f413d0d184d96c22d037c712d6) Importer(815301076,1909f56bfc062723c751e8b465ee728b)  -> (artifact id: 'ebbdf9e1d888a723e7a8ebbb3d56c43f') in 0.093962 seconds
  Import took 0.100481 seconds .

========================================================================
Received Import Request.
  Time since last request: 8.506449 seconds.
  path: Assets/Palletes/Nut.prefab
  artifactKey: Guid(a3618f893ebf64d49960131698de94a0) Importer(815301076,1909f56bfc062723c751e8b465ee728b)
Start importing Assets/Palletes/Nut.prefab using Guid(a3618f893ebf64d49960131698de94a0) Importer(815301076,1909f56bfc062723c751e8b465ee728b)  -> (artifact id: '3d2da77f897d97f271d3238ec917ee79') in 0.012594 seconds
  Import took 0.019935 seconds .

========================================================================
Received Prepare
Registering precompiled user dll's ...
Registered in 0.001121 seconds.
Begin MonoManager ReloadAssembly
Native extension for LinuxStandalone target not found
Native extension for WindowsStandalone target not found
Native extension for OSXStandalone target not found
Native extension for WebGL target not found
Refreshing native plugins compatible for Editor in 0.35 ms, found 1 plugins.
Preloading 0 native plugins for Editor in 0.00 ms.
Invoked RoslynAnalysisRunner static constructor.
RoslynAnalysisRunner will not be running.
RoslynAnalysisRunner has terminated.
Mono: successfully reloaded assembly
- Completed reload, in  1.068 seconds
Platform modules already initialized, skipping
Refreshing native plugins compatible for Editor in 0.53 ms, found 1 plugins.
Preloading 0 native plugins for Editor in 0.00 ms.
Unloading 1957 Unused Serialized files (Serialized files now loaded: 0)
System memory in use before: 92.9 MB.
System memory in use after: 92.9 MB.

Unloading 13 unused Assets to reduce memory usage. Loaded Objects now: 2418.
Total: 2.451800 ms (FindLiveObjects: 0.303300 ms CreateObjectMapping: 0.168700 ms MarkObjects: 1.875400 ms  DeleteObjects: 0.102500 ms)

========================================================================
Received Import Request.
  Time since last request: 13.841530 seconds.
  path: Assets/Palletes/Bolt2.prefab
  artifactKey: Guid(a3618f893ebf64d49960131698de94a0) Importer(815301076,1909f56bfc062723c751e8b465ee728b)
Start importing Assets/Palletes/Bolt2.prefab using Guid(a3618f893ebf64d49960131698de94a0) Importer(815301076,1909f56bfc062723c751e8b465ee728b)  -> (artifact id: '14b91c804a5d87ea9ffc71a6daa4a699') in 0.049195 seconds
  Import took 0.054119 seconds .

========================================================================
Received Import Request.
  Time since last request: 3.427826 seconds.
  path: Assets/Palletes/Nut.prefab
  artifactKey: Guid(7e3496f413d0d184d96c22d037c712d6) Importer(815301076,1909f56bfc062723c751e8b465ee728b)
Start importing Assets/Palletes/Nut.prefab using Guid(7e3496f413d0d184d96c22d037c712d6) Importer(815301076,1909f56bfc062723c751e8b465ee728b)  -> (artifact id: '83efd52249f8442c4224780ce95b52c5') in 0.013038 seconds
  Import took 0.019155 seconds .

========================================================================
Received Import Request.
  Time since last request: 5.148356 seconds.
  path: Assets/Palletes/Bolt.prefab
  artifactKey: Guid(a3618f893ebf64d49960131698de94a0) Importer(815301076,1909f56bfc062723c751e8b465ee728b)
Start importing Assets/Palletes/Bolt.prefab using Guid(a3618f893ebf64d49960131698de94a0) Importer(815301076,1909f56bfc062723c751e8b465ee728b)  -> (artifact id: '3aabcd307fba101c514d5bcf8ae3b900') in 0.009598 seconds
  Import took 0.015849 seconds .

========================================================================
Received Import Request.
  Time since last request: 532.881794 seconds.
  path: Assets/Palletes/TileMap_3.asset
  artifactKey: Guid(a96c0e89619145f4197733e1c93cefc1) Importer(815301076,1909f56bfc062723c751e8b465ee728b)
Start importing Assets/Palletes/TileMap_3.asset using Guid(a96c0e89619145f4197733e1c93cefc1) Importer(815301076,1909f56bfc062723c751e8b465ee728b)  -> (artifact id: 'd6875c4508fd68b0018050df24300bd1') in 0.018910 seconds
  Import took 0.027752 seconds .

========================================================================
Received Import Request.
  Time since last request: 92.747527 seconds.
  path: Assets/Palletes/Bolt.prefab
  artifactKey: Guid(a3618f893ebf64d49960131698de94a0) Importer(815301076,1909f56bfc062723c751e8b465ee728b)
Start importing Assets/Palletes/Bolt.prefab using Guid(a3618f893ebf64d49960131698de94a0) Importer(815301076,1909f56bfc062723c751e8b465ee728b)  -> (artifact id: '899d588b2edee82f7e079e05ccf8c268') in 0.010392 seconds
  Import took 0.016138 seconds .

========================================================================
Received Import Request.
  Time since last request: 0.127111 seconds.
  path: Assets/Palletes/Bolt.prefab
  artifactKey: Guid(a3618f893ebf64d49960131698de94a0) Importer(815301076,1909f56bfc062723c751e8b465ee728b)
Start importing Assets/Palletes/Bolt.prefab using Guid(a3618f893ebf64d49960131698de94a0) Importer(815301076,1909f56bfc062723c751e8b465ee728b)  -> (artifact id: '899d588b2edee82f7e079e05ccf8c268') in 0.012406 seconds
  Import took 0.021070 seconds .

========================================================================
Received Prepare
Registering precompiled user dll's ...
Registered in 0.001876 seconds.
Begin MonoManager ReloadAssembly
Native extension for LinuxStandalone target not found
Native extension for WindowsStandalone target not found
Native extension for OSXStandalone target not found
Native extension for WebGL target not found
Refreshing native plugins compatible for Editor in 0.68 ms, found 1 plugins.
Preloading 0 native plugins for Editor in 0.00 ms.
Invoked RoslynAnalysisRunner static constructor.
RoslynAnalysisRunner will not be running.
RoslynAnalysisRunner has terminated.
Mono: successfully reloaded assembly
- Completed reload, in  1.673 seconds
Platform modules already initialized, skipping
Refreshing native plugins compatible for Editor in 1.12 ms, found 1 plugins.
Preloading 0 native plugins for Editor in 0.00 ms.
Unloading 1957 Unused Serialized files (Serialized files now loaded: 0)
System memory in use before: 93.0 MB.
System memory in use after: 93.0 MB.

Unloading 13 unused Assets to reduce memory usage. Loaded Objects now: 2423.
Total: 4.162700 ms (FindLiveObjects: 0.276300 ms CreateObjectMapping: 0.110800 ms MarkObjects: 3.550200 ms  DeleteObjects: 0.223000 ms)

========================================================================
Received Import Request.
  Time since last request: 106.926607 seconds.
  path: Assets/Scripts/Enemy.cs
  artifactKey: Guid(b7f163d581a304b4cab29f3d66dd1235) Importer(815301076,1909f56bfc062723c751e8b465ee728b)
Start importing Assets/Scripts/Enemy.cs using Guid(b7f163d581a304b4cab29f3d66dd1235) Importer(815301076,1909f56bfc062723c751e8b465ee728b)  -> (artifact id: 'e6afe6584ce8abbf9245c06276512098') in 0.007159 seconds
  Import took 0.013605 seconds .

========================================================================
Received Prepare
Registering precompiled user dll's ...
Registered in 0.001044 seconds.
Begin MonoManager ReloadAssembly
Native extension for LinuxStandalone target not found
Native extension for WindowsStandalone target not found
Native extension for OSXStandalone target not found
Native extension for WebGL target not found
Refreshing native plugins compatible for Editor in 0.40 ms, found 1 plugins.
Preloading 0 native plugins for Editor in 0.00 ms.
Invoked RoslynAnalysisRunner static constructor.
RoslynAnalysisRunner will not be running.
RoslynAnalysisRunner has terminated.
Mono: successfully reloaded assembly
- Completed reload, in  1.070 seconds
Platform modules already initialized, skipping
Refreshing native plugins compatible for Editor in 0.83 ms, found 1 plugins.
Preloading 0 native plugins for Editor in 0.00 ms.
Unloading 1957 Unused Serialized files (Serialized files now loaded: 0)
System memory in use before: 93.0 MB.
System memory in use after: 93.0 MB.

Unloading 13 unused Assets to reduce memory usage. Loaded Objects now: 2427.
Total: 3.792500 ms (FindLiveObjects: 0.222200 ms CreateObjectMapping: 0.089400 ms MarkObjects: 3.315000 ms  DeleteObjects: 0.164100 ms)

========================================================================
Received Import Request.
  Time since last request: 33.179990 seconds.
  path: Assets/Palletes/Bolt.prefab
  artifactKey: Guid(a3618f893ebf64d49960131698de94a0) Importer(815301076,1909f56bfc062723c751e8b465ee728b)
Start importing Assets/Palletes/Bolt.prefab using Guid(a3618f893ebf64d49960131698de94a0) Importer(815301076,1909f56bfc062723c751e8b465ee728b)  -> (artifact id: '6ec5381d7b79fae33bcf80db27d7acab') in 0.061496 seconds
  Import took 0.068160 seconds .

========================================================================
Received Import Request.
  Time since last request: 6.444430 seconds.
  path: Assets/Palletes/Nut.prefab
  artifactKey: Guid(7e3496f413d0d184d96c22d037c712d6) Importer(815301076,1909f56bfc062723c751e8b465ee728b)
Start importing Assets/Palletes/Nut.prefab using Guid(7e3496f413d0d184d96c22d037c712d6) Importer(815301076,1909f56bfc062723c751e8b465ee728b)  -> (artifact id: '6739815e7fc60213cd671bc414a0a3ab') in 0.009738 seconds
  Import took 0.015845 seconds .

========================================================================
Received Import Request.
  Time since last request: 0.004078 seconds.
  path: Assets/Palletes/Nut.prefab
  artifactKey: Guid(7e3496f413d0d184d96c22d037c712d6) Importer(815301076,1909f56bfc062723c751e8b465ee728b)
Start importing Assets/Palletes/Nut.prefab using Guid(7e3496f413d0d184d96c22d037c712d6) Importer(815301076,1909f56bfc062723c751e8b465ee728b)  -> (artifact id: '6739815e7fc60213cd671bc414a0a3ab') in 0.012468 seconds
  Import took 0.018375 seconds .

========================================================================
Received Prepare
Registering precompiled user dll's ...
Registered in 0.001777 seconds.
Begin MonoManager ReloadAssembly
Native extension for LinuxStandalone target not found
Native extension for WindowsStandalone target not found
Native extension for OSXStandalone target not found
Native extension for WebGL target not found
Refreshing native plugins compatible for Editor in 0.34 ms, found 1 plugins.
Preloading 0 native plugins for Editor in 0.00 ms.
Invoked RoslynAnalysisRunner static constructor.
RoslynAnalysisRunner will not be running.
RoslynAnalysisRunner has terminated.
Mono: successfully reloaded assembly
- Completed reload, in  0.946 seconds
Platform modules already initialized, skipping
Refreshing native plugins compatible for Editor in 0.38 ms, found 1 plugins.
Preloading 0 native plugins for Editor in 0.00 ms.
Unloading 1957 Unused Serialized files (Serialized files now loaded: 0)
System memory in use before: 93.0 MB.
System memory in use after: 93.0 MB.

Unloading 13 unused Assets to reduce memory usage. Loaded Objects now: 2432.
Total: 2.176100 ms (FindLiveObjects: 0.215100 ms CreateObjectMapping: 0.068600 ms MarkObjects: 1.787100 ms  DeleteObjects: 0.103800 ms)

========================================================================
Received Import Request.
  Time since last request: 74.078048 seconds.
  path: Assets/Scripts/Enemy.cs
  artifactKey: Guid(b7f163d581a304b4cab29f3d66dd1235) Importer(815301076,1909f56bfc062723c751e8b465ee728b)
Start importing Assets/Scripts/Enemy.cs using Guid(b7f163d581a304b4cab29f3d66dd1235) Importer(815301076,1909f56bfc062723c751e8b465ee728b)  -> (artifact id: '9ca7393442005db385cb76b4628c8da3') in 0.004507 seconds
  Import took 0.010241 seconds .

========================================================================
Received Import Request.
  Time since last request: 6.220415 seconds.
  path: Assets/Scripts/Nut.cs
  artifactKey: Guid(b7f163d581a304b4cab29f3d66dd1235) Importer(815301076,1909f56bfc062723c751e8b465ee728b)
Start importing Assets/Scripts/Nut.cs using Guid(b7f163d581a304b4cab29f3d66dd1235) Importer(815301076,1909f56bfc062723c751e8b465ee728b)  -> (artifact id: '8b802d8b66868f200309471ab30cd62e') in 0.003400 seconds
  Import took 0.009243 seconds .

========================================================================
Received Import Request.
  Time since last request: 0.024657 seconds.
  path: Assets/Scripts/FacingController.cs
  artifactKey: Guid(0950e9289f8965d46b8a4c3ed8063ace) Importer(815301076,1909f56bfc062723c751e8b465ee728b)
Start importing Assets/Scripts/FacingController.cs using Guid(0950e9289f8965d46b8a4c3ed8063ace) Importer(815301076,1909f56bfc062723c751e8b465ee728b)  -> (artifact id: '42c80b96ab33c8024cc6cadac19ae544') in 0.002456 seconds
  Import took 0.007473 seconds .

========================================================================
Received Prepare
Registering precompiled user dll's ...
Registered in 0.001329 seconds.
Begin MonoManager ReloadAssembly
Native extension for LinuxStandalone target not found
Native extension for WindowsStandalone target not found
Native extension for OSXStandalone target not found
Native extension for WebGL target not found
Refreshing native plugins compatible for Editor in 0.70 ms, found 1 plugins.
Preloading 0 native plugins for Editor in 0.00 ms.
Invoked RoslynAnalysisRunner static constructor.
RoslynAnalysisRunner will not be running.
RoslynAnalysisRunner has terminated.
Mono: successfully reloaded assembly
- Completed reload, in  1.327 seconds
Platform modules already initialized, skipping
Refreshing native plugins compatible for Editor in 0.45 ms, found 1 plugins.
Preloading 0 native plugins for Editor in 0.00 ms.
Unloading 1957 Unused Serialized files (Serialized files now loaded: 0)
System memory in use before: 93.1 MB.
System memory in use after: 93.1 MB.

Unloading 13 unused Assets to reduce memory usage. Loaded Objects now: 2436.
Total: 2.309800 ms (FindLiveObjects: 0.329400 ms CreateObjectMapping: 0.095700 ms MarkObjects: 1.769100 ms  DeleteObjects: 0.113700 ms)

========================================================================
Received Import Request.
  Time since last request: 11.875439 seconds.
  path: Assets/Scripts/Nut.cs
  artifactKey: Guid(b7f163d581a304b4cab29f3d66dd1235) Importer(815301076,1909f56bfc062723c751e8b465ee728b)
Start importing Assets/Scripts/Nut.cs using Guid(b7f163d581a304b4cab29f3d66dd1235) Importer(815301076,1909f56bfc062723c751e8b465ee728b)  -> (artifact id: 'e8c5975f45361432f7a0a2adf6a2ba0a') in 0.007648 seconds
  Import took 0.014118 seconds .

========================================================================
Received Import Request.
  Time since last request: 0.001126 seconds.
  path: Assets/Scripts/Nut.cs
  artifactKey: Guid(b7f163d581a304b4cab29f3d66dd1235) Importer(815301076,1909f56bfc062723c751e8b465ee728b)
Start importing Assets/Scripts/Nut.cs using Guid(b7f163d581a304b4cab29f3d66dd1235) Importer(815301076,1909f56bfc062723c751e8b465ee728b)  -> (artifact id: 'e8c5975f45361432f7a0a2adf6a2ba0a') in 0.003537 seconds
  Import took 0.011206 seconds .

========================================================================
Received Prepare
Registering precompiled user dll's ...
Registered in 0.002305 seconds.
Begin MonoManager ReloadAssembly
Native extension for LinuxStandalone target not found
Native extension for WindowsStandalone target not found
Native extension for OSXStandalone target not found
Native extension for WebGL target not found
Refreshing native plugins compatible for Editor in 0.36 ms, found 1 plugins.
Preloading 0 native plugins for Editor in 0.00 ms.
Invoked RoslynAnalysisRunner static constructor.
RoslynAnalysisRunner will not be running.
RoslynAnalysisRunner has terminated.
Mono: successfully reloaded assembly
- Completed reload, in  1.024 seconds
Platform modules already initialized, skipping
Refreshing native plugins compatible for Editor in 0.68 ms, found 1 plugins.
Preloading 0 native plugins for Editor in 0.00 ms.
Unloading 1957 Unused Serialized files (Serialized files now loaded: 0)
System memory in use before: 93.1 MB.
System memory in use after: 93.1 MB.

Unloading 13 unused Assets to reduce memory usage. Loaded Objects now: 2440.
Total: 2.363800 ms (FindLiveObjects: 0.275300 ms CreateObjectMapping: 0.101500 ms MarkObjects: 1.884200 ms  DeleteObjects: 0.101600 ms)

========================================================================
Received Import Request.
  Time since last request: 24.604707 seconds.
  path: Assets/Scripts/Nut.cs
  artifactKey: Guid(b7f163d581a304b4cab29f3d66dd1235) Importer(815301076,1909f56bfc062723c751e8b465ee728b)
Start importing Assets/Scripts/Nut.cs using Guid(b7f163d581a304b4cab29f3d66dd1235) Importer(815301076,1909f56bfc062723c751e8b465ee728b)  -> (artifact id: '3da275aea3ac4bb98e5c1cbc0b4b5b42') in 0.004548 seconds
  Import took 0.009134 seconds .

========================================================================
Received Import Request.
  Time since last request: 10.114767 seconds.
  path: Assets/Scripts/Bolt.cs
  artifactKey: Guid(cfd72d459998d494491c1ea3b185151d) Importer(815301076,1909f56bfc062723c751e8b465ee728b)
Start importing Assets/Scripts/Bolt.cs using Guid(cfd72d459998d494491c1ea3b185151d) Importer(815301076,1909f56bfc062723c751e8b465ee728b)  -> (artifact id: 'd479e045a63b428b0c44bf9ecb414c07') in 0.002231 seconds
  Import took 0.007598 seconds .

========================================================================
Received Prepare
Registering precompiled user dll's ...
Registered in 0.001119 seconds.
Begin MonoManager ReloadAssembly
Native extension for LinuxStandalone target not found
Native extension for WindowsStandalone target not found
Native extension for OSXStandalone target not found
Native extension for WebGL target not found
Refreshing native plugins compatible for Editor in 0.48 ms, found 1 plugins.
Preloading 0 native plugins for Editor in 0.00 ms.
Invoked RoslynAnalysisRunner static constructor.
RoslynAnalysisRunner will not be running.
RoslynAnalysisRunner has terminated.
Mono: successfully reloaded assembly
- Completed reload, in  1.349 seconds
Platform modules already initialized, skipping
Refreshing native plugins compatible for Editor in 0.59 ms, found 1 plugins.
Preloading 0 native plugins for Editor in 0.00 ms.
Unloading 1958 Unused Serialized files (Serialized files now loaded: 0)
System memory in use before: 93.1 MB.
System memory in use after: 93.1 MB.

Unloading 13 unused Assets to reduce memory usage. Loaded Objects now: 2445.
Total: 101.486400 ms (FindLiveObjects: 95.122400 ms CreateObjectMapping: 0.585000 ms MarkObjects: 5.657600 ms  DeleteObjects: 0.119500 ms)

========================================================================
Received Prepare
Registering precompiled user dll's ...
Registered in 0.001424 seconds.
Begin MonoManager ReloadAssembly
Native extension for LinuxStandalone target not found
Native extension for WindowsStandalone target not found
Native extension for OSXStandalone target not found
Native extension for WebGL target not found
Refreshing native plugins compatible for Editor in 0.70 ms, found 1 plugins.
Preloading 0 native plugins for Editor in 0.00 ms.
Invoked RoslynAnalysisRunner static constructor.
RoslynAnalysisRunner will not be running.
RoslynAnalysisRunner has terminated.
Mono: successfully reloaded assembly
- Completed reload, in  1.692 seconds
Platform modules already initialized, skipping
Refreshing native plugins compatible for Editor in 0.60 ms, found 1 plugins.
Preloading 0 native plugins for Editor in 0.00 ms.
Unloading 1958 Unused Serialized files (Serialized files now loaded: 0)
System memory in use before: 93.1 MB.
System memory in use after: 93.1 MB.

Unloading 13 unused Assets to reduce memory usage. Loaded Objects now: 2449.
Total: 5.733100 ms (FindLiveObjects: 0.707900 ms CreateObjectMapping: 0.344800 ms MarkObjects: 4.345200 ms  DeleteObjects: 0.331400 ms)

========================================================================
Received Import Request.
  Time since last request: 529.722157 seconds.
  path: Assets/Scripts/Bolt.cs
  artifactKey: Guid(cfd72d459998d494491c1ea3b185151d) Importer(815301076,1909f56bfc062723c751e8b465ee728b)
Start importing Assets/Scripts/Bolt.cs using Guid(cfd72d459998d494491c1ea3b185151d) Importer(815301076,1909f56bfc062723c751e8b465ee728b)  -> (artifact id: '55f06fd6ba64a55e7a148771213819af') in 0.009056 seconds
  Import took 0.135647 seconds .

========================================================================
Received Prepare
Registering precompiled user dll's ...
Registered in 0.001426 seconds.
Begin MonoManager ReloadAssembly
Native extension for LinuxStandalone target not found
Native extension for WindowsStandalone target not found
Native extension for OSXStandalone target not found
Native extension for WebGL target not found
Refreshing native plugins compatible for Editor in 0.52 ms, found 1 plugins.
Preloading 0 native plugins for Editor in 0.00 ms.
Invoked RoslynAnalysisRunner static constructor.
RoslynAnalysisRunner will not be running.
RoslynAnalysisRunner has terminated.
Mono: successfully reloaded assembly
- Completed reload, in  0.879 seconds
Platform modules already initialized, skipping
Refreshing native plugins compatible for Editor in 0.45 ms, found 1 plugins.
Preloading 0 native plugins for Editor in 0.00 ms.
Unloading 1958 Unused Serialized files (Serialized files now loaded: 0)
System memory in use before: 93.1 MB.
System memory in use after: 93.1 MB.

Unloading 13 unused Assets to reduce memory usage. Loaded Objects now: 2453.
Total: 3.163300 ms (FindLiveObjects: 0.492500 ms CreateObjectMapping: 0.131900 ms MarkObjects: 2.413800 ms  DeleteObjects: 0.122900 ms)

========================================================================
Received Prepare
Registering precompiled user dll's ...
Registered in 0.001187 seconds.
Begin MonoManager ReloadAssembly
Native extension for LinuxStandalone target not found
Native extension for WindowsStandalone target not found
Native extension for OSXStandalone target not found
Native extension for WebGL target not found
Refreshing native plugins compatible for Editor in 0.64 ms, found 1 plugins.
Preloading 0 native plugins for Editor in 0.00 ms.
Invoked RoslynAnalysisRunner static constructor.
RoslynAnalysisRunner will not be running.
RoslynAnalysisRunner has terminated.
Mono: successfully reloaded assembly
- Completed reload, in  1.256 seconds
Platform modules already initialized, skipping
Refreshing native plugins compatible for Editor in 0.38 ms, found 1 plugins.
Preloading 0 native plugins for Editor in 0.00 ms.
Unloading 1958 Unused Serialized files (Serialized files now loaded: 0)
System memory in use before: 93.1 MB.
System memory in use after: 93.1 MB.

Unloading 13 unused Assets to reduce memory usage. Loaded Objects now: 2457.
Total: 2.701900 ms (FindLiveObjects: 0.216700 ms CreateObjectMapping: 0.100900 ms MarkObjects: 2.175700 ms  DeleteObjects: 0.206600 ms)

========================================================================
Received Prepare
Registering precompiled user dll's ...
Registered in 0.001082 seconds.
Begin MonoManager ReloadAssembly
Native extension for LinuxStandalone target not found
Native extension for WindowsStandalone target not found
Native extension for OSXStandalone target not found
Native extension for WebGL target not found
Refreshing native plugins compatible for Editor in 0.37 ms, found 1 plugins.
Preloading 0 native plugins for Editor in 0.00 ms.
Invoked RoslynAnalysisRunner static constructor.
RoslynAnalysisRunner will not be running.
RoslynAnalysisRunner has terminated.
Mono: successfully reloaded assembly
- Completed reload, in  0.946 seconds
Platform modules already initialized, skipping
Refreshing native plugins compatible for Editor in 0.44 ms, found 1 plugins.
Preloading 0 native plugins for Editor in 0.00 ms.
Unloading 1958 Unused Serialized files (Serialized files now loaded: 0)
System memory in use before: 93.1 MB.
System memory in use after: 93.1 MB.

Unloading 13 unused Assets to reduce memory usage. Loaded Objects now: 2461.
Total: 2.940000 ms (FindLiveObjects: 0.327900 ms CreateObjectMapping: 0.090500 ms MarkObjects: 2.379700 ms  DeleteObjects: 0.139500 ms)

========================================================================
Received Prepare
Registering precompiled user dll's ...
Registered in 0.001057 seconds.
Begin MonoManager ReloadAssembly
Native extension for LinuxStandalone target not found
Native extension for WindowsStandalone target not found
Native extension for OSXStandalone target not found
Native extension for WebGL target not found
Refreshing native plugins compatible for Editor in 0.36 ms, found 1 plugins.
Preloading 0 native plugins for Editor in 0.00 ms.
Invoked RoslynAnalysisRunner static constructor.
RoslynAnalysisRunner will not be running.
RoslynAnalysisRunner has terminated.
Mono: successfully reloaded assembly
- Completed reload, in  1.015 seconds
Platform modules already initialized, skipping
Refreshing native plugins compatible for Editor in 0.37 ms, found 1 plugins.
Preloading 0 native plugins for Editor in 0.00 ms.
Unloading 1958 Unused Serialized files (Serialized files now loaded: 0)
System memory in use before: 93.1 MB.
System memory in use after: 93.1 MB.

Unloading 13 unused Assets to reduce memory usage. Loaded Objects now: 2465.
Total: 2.299000 ms (FindLiveObjects: 0.247600 ms CreateObjectMapping: 0.074000 ms MarkObjects: 1.872000 ms  DeleteObjects: 0.104100 ms)

========================================================================
Received Prepare
Registering precompiled user dll's ...
Registered in 0.001120 seconds.
Begin MonoManager ReloadAssembly
Native extension for LinuxStandalone target not found
Native extension for WindowsStandalone target not found
Native extension for OSXStandalone target not found
Native extension for WebGL target not found
Refreshing native plugins compatible for Editor in 0.39 ms, found 1 plugins.
Preloading 0 native plugins for Editor in 0.00 ms.
Invoked RoslynAnalysisRunner static constructor.
RoslynAnalysisRunner will not be running.
RoslynAnalysisRunner has terminated.
Mono: successfully reloaded assembly
- Completed reload, in  1.308 seconds
Platform modules already initialized, skipping
Refreshing native plugins compatible for Editor in 0.35 ms, found 1 plugins.
Preloading 0 native plugins for Editor in 0.00 ms.
Unloading 1958 Unused Serialized files (Serialized files now loaded: 0)
System memory in use before: 93.2 MB.
System memory in use after: 93.1 MB.

Unloading 13 unused Assets to reduce memory usage. Loaded Objects now: 2469.
Total: 2.249300 ms (FindLiveObjects: 0.208200 ms CreateObjectMapping: 0.084200 ms MarkObjects: 1.824700 ms  DeleteObjects: 0.129900 ms)

========================================================================
Received Import Request.
  Time since last request: 367.638861 seconds.
  path: Assets/Palletes/Nut.prefab
  artifactKey: Guid(7e3496f413d0d184d96c22d037c712d6) Importer(815301076,1909f56bfc062723c751e8b465ee728b)
Start importing Assets/Palletes/Nut.prefab using Guid(7e3496f413d0d184d96c22d037c712d6) Importer(815301076,1909f56bfc062723c751e8b465ee728b)  -> (artifact id: '200b616c6bdf1d203368af661f3be511') in 0.064860 seconds
  Import took 0.071564 seconds .

========================================================================
Received Prepare
Registering precompiled user dll's ...
Registered in 0.001767 seconds.
Begin MonoManager ReloadAssembly
Native extension for LinuxStandalone target not found
Native extension for WindowsStandalone target not found
Native extension for OSXStandalone target not found
Native extension for WebGL target not found
Refreshing native plugins compatible for Editor in 0.50 ms, found 1 plugins.
Preloading 0 native plugins for Editor in 0.00 ms.
Invoked RoslynAnalysisRunner static constructor.
RoslynAnalysisRunner will not be running.
RoslynAnalysisRunner has terminated.
Mono: successfully reloaded assembly
- Completed reload, in  1.045 seconds
Platform modules already initialized, skipping
Refreshing native plugins compatible for Editor in 0.37 ms, found 1 plugins.
Preloading 0 native plugins for Editor in 0.00 ms.
Unloading 1958 Unused Serialized files (Serialized files now loaded: 0)
System memory in use before: 93.2 MB.
System memory in use after: 93.2 MB.

Unloading 13 unused Assets to reduce memory usage. Loaded Objects now: 2474.
Total: 2.154200 ms (FindLiveObjects: 0.264000 ms CreateObjectMapping: 0.093000 ms MarkObjects: 1.687700 ms  DeleteObjects: 0.107400 ms)

========================================================================
Received Prepare
Registering precompiled user dll's ...
Registered in 0.001089 seconds.
Begin MonoManager ReloadAssembly
Native extension for LinuxStandalone target not found
Native extension for WindowsStandalone target not found
Native extension for OSXStandalone target not found
Native extension for WebGL target not found
Refreshing native plugins compatible for Editor in 0.39 ms, found 1 plugins.
Preloading 0 native plugins for Editor in 0.00 ms.
Invoked RoslynAnalysisRunner static constructor.
RoslynAnalysisRunner will not be running.
RoslynAnalysisRunner has terminated.
Mono: successfully reloaded assembly
- Completed reload, in  1.107 seconds
Platform modules already initialized, skipping
Refreshing native plugins compatible for Editor in 0.66 ms, found 1 plugins.
Preloading 0 native plugins for Editor in 0.00 ms.
Unloading 1958 Unused Serialized files (Serialized files now loaded: 0)
System memory in use before: 93.2 MB.
System memory in use after: 93.2 MB.

Unloading 13 unused Assets to reduce memory usage. Loaded Objects now: 2478.
Total: 2.823800 ms (FindLiveObjects: 0.470100 ms CreateObjectMapping: 0.144800 ms MarkObjects: 2.059400 ms  DeleteObjects: 0.146900 ms)

========================================================================
Received Import Request.
  Time since last request: 168.110978 seconds.
  path: Assets/Scripts/GameManager.cs
  artifactKey: Guid(d6db05e1b28885f48ac460616b6bf300) Importer(815301076,1909f56bfc062723c751e8b465ee728b)
Start importing Assets/Scripts/GameManager.cs using Guid(d6db05e1b28885f48ac460616b6bf300) Importer(815301076,1909f56bfc062723c751e8b465ee728b)  -> (artifact id: '531564e8d8bb7458cca4fe20b025f605') in 0.007935 seconds
  Import took 0.014642 seconds .

========================================================================
Received Import Request.
  Time since last request: 0.023491 seconds.
  path: Assets/Scripts/GameManager.cs
  artifactKey: Guid(d6db05e1b28885f48ac460616b6bf300) Importer(815301076,1909f56bfc062723c751e8b465ee728b)
Start importing Assets/Scripts/GameManager.cs using Guid(d6db05e1b28885f48ac460616b6bf300) Importer(815301076,1909f56bfc062723c751e8b465ee728b)  -> (artifact id: '531564e8d8bb7458cca4fe20b025f605') in 0.002822 seconds
  Import took 0.009222 seconds .

========================================================================
Received Prepare
Registering precompiled user dll's ...
Registered in 0.003154 seconds.
Begin MonoManager ReloadAssembly
Native extension for LinuxStandalone target not found
Native extension for WindowsStandalone target not found
Native extension for OSXStandalone target not found
Native extension for WebGL target not found
Refreshing native plugins compatible for Editor in 0.48 ms, found 1 plugins.
Preloading 0 native plugins for Editor in 0.00 ms.
Invoked RoslynAnalysisRunner static constructor.
RoslynAnalysisRunner will not be running.
RoslynAnalysisRunner has terminated.
Mono: successfully reloaded assembly
- Completed reload, in  0.947 seconds
Platform modules already initialized, skipping
Refreshing native plugins compatible for Editor in 0.34 ms, found 1 plugins.
Preloading 0 native plugins for Editor in 0.00 ms.
Unloading 1958 Unused Serialized files (Serialized files now loaded: 0)
System memory in use before: 93.2 MB.
System memory in use after: 93.2 MB.

Unloading 13 unused Assets to reduce memory usage. Loaded Objects now: 2482.
Total: 2.450000 ms (FindLiveObjects: 0.306500 ms CreateObjectMapping: 0.092500 ms MarkObjects: 1.946100 ms  DeleteObjects: 0.101800 ms)

========================================================================
Received Import Request.
  Time since last request: 13.996288 seconds.
  path: Assets/Palletes/Nut.prefab
  artifactKey: Guid(7e3496f413d0d184d96c22d037c712d6) Importer(815301076,1909f56bfc062723c751e8b465ee728b)
Start importing Assets/Palletes/Nut.prefab using Guid(7e3496f413d0d184d96c22d037c712d6) Importer(815301076,1909f56bfc062723c751e8b465ee728b)  -> (artifact id: 'c4cbae17a80d79eef6c012d54f7df489') in 0.062067 seconds
  Import took 0.067649 seconds .

========================================================================
Received Prepare
Registering precompiled user dll's ...
Registered in 0.001084 seconds.
Begin MonoManager ReloadAssembly
Native extension for LinuxStandalone target not found
Native extension for WindowsStandalone target not found
Native extension for OSXStandalone target not found
Native extension for WebGL target not found
Refreshing native plugins compatible for Editor in 0.38 ms, found 1 plugins.
Preloading 0 native plugins for Editor in 0.00 ms.
Invoked RoslynAnalysisRunner static constructor.
RoslynAnalysisRunner will not be running.
RoslynAnalysisRunner has terminated.
Mono: successfully reloaded assembly
- Completed reload, in  0.878 seconds
Platform modules already initialized, skipping
Refreshing native plugins compatible for Editor in 0.39 ms, found 1 plugins.
Preloading 0 native plugins for Editor in 0.00 ms.
Unloading 1958 Unused Serialized files (Serialized files now loaded: 0)
System memory in use before: 93.2 MB.
System memory in use after: 93.2 MB.

Unloading 13 unused Assets to reduce memory usage. Loaded Objects now: 2487.
Total: 2.944400 ms (FindLiveObjects: 0.370000 ms CreateObjectMapping: 0.111700 ms MarkObjects: 2.344300 ms  DeleteObjects: 0.116600 ms)

========================================================================
Received Prepare
Registering precompiled user dll's ...
Registered in 0.001901 seconds.
Begin MonoManager ReloadAssembly
Native extension for LinuxStandalone target not found
Native extension for WindowsStandalone target not found
Native extension for OSXStandalone target not found
Native extension for WebGL target not found
Refreshing native plugins compatible for Editor in 0.45 ms, found 1 plugins.
Preloading 0 native plugins for Editor in 0.00 ms.
Invoked RoslynAnalysisRunner static constructor.
RoslynAnalysisRunner will not be running.
RoslynAnalysisRunner has terminated.
Mono: successfully reloaded assembly
- Completed reload, in  0.936 seconds
Platform modules already initialized, skipping
Refreshing native plugins compatible for Editor in 0.34 ms, found 1 plugins.
Preloading 0 native plugins for Editor in 0.00 ms.
Unloading 1958 Unused Serialized files (Serialized files now loaded: 0)
System memory in use before: 93.2 MB.
System memory in use after: 93.2 MB.

Unloading 13 unused Assets to reduce memory usage. Loaded Objects now: 2491.
Total: 3.258000 ms (FindLiveObjects: 0.572800 ms CreateObjectMapping: 0.171500 ms MarkObjects: 2.364600 ms  DeleteObjects: 0.146200 ms)

========================================================================
Received Prepare
Registering precompiled user dll's ...
Registered in 0.001052 seconds.
Begin MonoManager ReloadAssembly
Native extension for LinuxStandalone target not found
Native extension for WindowsStandalone target not found
Native extension for OSXStandalone target not found
Native extension for WebGL target not found
Refreshing native plugins compatible for Editor in 0.36 ms, found 1 plugins.
Preloading 0 native plugins for Editor in 0.00 ms.
Invoked RoslynAnalysisRunner static constructor.
RoslynAnalysisRunner will not be running.
RoslynAnalysisRunner has terminated.
Mono: successfully reloaded assembly
- Completed reload, in  0.973 seconds
Platform modules already initialized, skipping
Refreshing native plugins compatible for Editor in 0.39 ms, found 1 plugins.
Preloading 0 native plugins for Editor in 0.00 ms.
Unloading 1958 Unused Serialized files (Serialized files now loaded: 0)
System memory in use before: 93.2 MB.
System memory in use after: 93.2 MB.

Unloading 13 unused Assets to reduce memory usage. Loaded Objects now: 2495.
Total: 2.437200 ms (FindLiveObjects: 0.232100 ms CreateObjectMapping: 0.074300 ms MarkObjects: 1.996300 ms  DeleteObjects: 0.132900 ms)

========================================================================
Received Prepare
Registering precompiled user dll's ...
Registered in 0.001542 seconds.
Begin MonoManager ReloadAssembly
Native extension for LinuxStandalone target not found
Native extension for WindowsStandalone target not found
Native extension for OSXStandalone target not found
Native extension for WebGL target not found
Refreshing native plugins compatible for Editor in 0.48 ms, found 1 plugins.
Preloading 0 native plugins for Editor in 0.00 ms.
Invoked RoslynAnalysisRunner static constructor.
RoslynAnalysisRunner will not be running.
RoslynAnalysisRunner has terminated.
Mono: successfully reloaded assembly
- Completed reload, in  0.939 seconds
Platform modules already initialized, skipping
Refreshing native plugins compatible for Editor in 0.55 ms, found 1 plugins.
Preloading 0 native plugins for Editor in 0.00 ms.
Unloading 1958 Unused Serialized files (Serialized files now loaded: 0)
System memory in use before: 93.2 MB.
System memory in use after: 93.2 MB.

Unloading 13 unused Assets to reduce memory usage. Loaded Objects now: 2499.
Total: 2.474400 ms (FindLiveObjects: 0.207400 ms CreateObjectMapping: 0.062700 ms MarkObjects: 2.101100 ms  DeleteObjects: 0.102000 ms)

========================================================================
Received Prepare
Registering precompiled user dll's ...
Registered in 0.001158 seconds.
Begin MonoManager ReloadAssembly
Native extension for LinuxStandalone target not found
Native extension for WindowsStandalone target not found
Native extension for OSXStandalone target not found
Native extension for WebGL target not found
Refreshing native plugins compatible for Editor in 0.50 ms, found 1 plugins.
Preloading 0 native plugins for Editor in 0.00 ms.
Invoked RoslynAnalysisRunner static constructor.
RoslynAnalysisRunner will not be running.
RoslynAnalysisRunner has terminated.
Mono: successfully reloaded assembly
- Completed reload, in  2.298 seconds
Platform modules already initialized, skipping
Refreshing native plugins compatible for Editor in 0.64 ms, found 1 plugins.
Preloading 0 native plugins for Editor in 0.00 ms.
Unloading 1958 Unused Serialized files (Serialized files now loaded: 0)
System memory in use before: 93.2 MB.
System memory in use after: 93.2 MB.

Unloading 13 unused Assets to reduce memory usage. Loaded Objects now: 2503.
Total: 6.069900 ms (FindLiveObjects: 0.518300 ms CreateObjectMapping: 0.261200 ms MarkObjects: 5.067300 ms  DeleteObjects: 0.219300 ms)

========================================================================
Received Prepare
Registering precompiled user dll's ...
Registered in 0.001105 seconds.
Begin MonoManager ReloadAssembly
Native extension for LinuxStandalone target not found
Native extension for WindowsStandalone target not found
Native extension for OSXStandalone target not found
Native extension for WebGL target not found
Refreshing native plugins compatible for Editor in 0.37 ms, found 1 plugins.
Preloading 0 native plugins for Editor in 0.00 ms.
Invoked RoslynAnalysisRunner static constructor.
RoslynAnalysisRunner will not be running.
RoslynAnalysisRunner has terminated.
Mono: successfully reloaded assembly
- Completed reload, in  1.037 seconds
Platform modules already initialized, skipping
Refreshing native plugins compatible for Editor in 0.58 ms, found 1 plugins.
Preloading 0 native plugins for Editor in 0.00 ms.
Unloading 1958 Unused Serialized files (Serialized files now loaded: 0)
System memory in use before: 93.2 MB.
System memory in use after: 93.2 MB.

Unloading 13 unused Assets to reduce memory usage. Loaded Objects now: 2507.
Total: 2.275500 ms (FindLiveObjects: 0.368600 ms CreateObjectMapping: 0.104500 ms MarkObjects: 1.689400 ms  DeleteObjects: 0.111300 ms)

========================================================================
Received Prepare
Registering precompiled user dll's ...
Registered in 0.001110 seconds.
Begin MonoManager ReloadAssembly
Native extension for LinuxStandalone target not found
Native extension for WindowsStandalone target not found
Native extension for OSXStandalone target not found
Native extension for WebGL target not found
Refreshing native plugins compatible for Editor in 0.79 ms, found 1 plugins.
Preloading 0 native plugins for Editor in 0.00 ms.
Invoked RoslynAnalysisRunner static constructor.
RoslynAnalysisRunner will not be running.
RoslynAnalysisRunner has terminated.
Mono: successfully reloaded assembly
- Completed reload, in  1.091 seconds
Platform modules already initialized, skipping
Refreshing native plugins compatible for Editor in 0.37 ms, found 1 plugins.
Preloading 0 native plugins for Editor in 0.00 ms.
Unloading 1958 Unused Serialized files (Serialized files now loaded: 0)
System memory in use before: 93.2 MB.
System memory in use after: 93.2 MB.

Unloading 13 unused Assets to reduce memory usage. Loaded Objects now: 2511.
Total: 3.290300 ms (FindLiveObjects: 0.471800 ms CreateObjectMapping: 0.145800 ms MarkObjects: 2.526600 ms  DeleteObjects: 0.144500 ms)

========================================================================
Received Prepare
Registering precompiled user dll's ...
Registered in 0.004565 seconds.
Begin MonoManager ReloadAssembly
Native extension for LinuxStandalone target not found
Native extension for WindowsStandalone target not found
Native extension for OSXStandalone target not found
Native extension for WebGL target not found
Refreshing native plugins compatible for Editor in 0.57 ms, found 1 plugins.
Preloading 0 native plugins for Editor in 0.00 ms.
Invoked RoslynAnalysisRunner static constructor.
RoslynAnalysisRunner will not be running.
RoslynAnalysisRunner has terminated.
Mono: successfully reloaded assembly
- Completed reload, in  0.946 seconds
Platform modules already initialized, skipping
Refreshing native plugins compatible for Editor in 0.38 ms, found 1 plugins.
Preloading 0 native plugins for Editor in 0.00 ms.
Unloading 1958 Unused Serialized files (Serialized files now loaded: 0)
System memory in use before: 93.3 MB.
System memory in use after: 93.3 MB.

Unloading 13 unused Assets to reduce memory usage. Loaded Objects now: 2515.
Total: 2.444500 ms (FindLiveObjects: 0.215000 ms CreateObjectMapping: 0.072400 ms MarkObjects: 2.047400 ms  DeleteObjects: 0.108300 ms)

========================================================================
Received Prepare
Registering precompiled user dll's ...
Registered in 0.001112 seconds.
Begin MonoManager ReloadAssembly
Native extension for LinuxStandalone target not found
Native extension for WindowsStandalone target not found
Native extension for OSXStandalone target not found
Native extension for WebGL target not found
Refreshing native plugins compatible for Editor in 0.55 ms, found 1 plugins.
Preloading 0 native plugins for Editor in 0.00 ms.
Invoked RoslynAnalysisRunner static constructor.
RoslynAnalysisRunner will not be running.
RoslynAnalysisRunner has terminated.
Mono: successfully reloaded assembly
- Completed reload, in  1.401 seconds
Platform modules already initialized, skipping
Refreshing native plugins compatible for Editor in 0.46 ms, found 1 plugins.
Preloading 0 native plugins for Editor in 0.00 ms.
Unloading 1958 Unused Serialized files (Serialized files now loaded: 0)
System memory in use before: 93.3 MB.
System memory in use after: 93.3 MB.

Unloading 13 unused Assets to reduce memory usage. Loaded Objects now: 2519.
Total: 2.118700 ms (FindLiveObjects: 0.299800 ms CreateObjectMapping: 0.100100 ms MarkObjects: 1.617500 ms  DeleteObjects: 0.100200 ms)

========================================================================
Received Import Request.
  Time since last request: 306.146937 seconds.
  path: Assets/Palletes/Nut.prefab
  artifactKey: Guid(7e3496f413d0d184d96c22d037c712d6) Importer(815301076,1909f56bfc062723c751e8b465ee728b)
Start importing Assets/Palletes/Nut.prefab using Guid(7e3496f413d0d184d96c22d037c712d6) Importer(815301076,1909f56bfc062723c751e8b465ee728b)  -> (artifact id: 'c3e28196186d627ba7a18541599be466') in 0.052102 seconds
  Import took 0.057410 seconds .

========================================================================
Received Import Request.
  Time since last request: 24.802972 seconds.
  path: Assets/Palletes/NutSpawner.prefab
  artifactKey: Guid(4efc98a45341c82429101868dff27796) Importer(815301076,1909f56bfc062723c751e8b465ee728b)
Start importing Assets/Palletes/NutSpawner.prefab using Guid(4efc98a45341c82429101868dff27796) Importer(815301076,1909f56bfc062723c751e8b465ee728b)  -> (artifact id: '296ed6754da9a0aeee847cbf120df29a') in 0.006567 seconds
  Import took 0.013319 seconds .

========================================================================
Received Import Request.
  Time since last request: 0.013913 seconds.
  path: Assets/Palletes/NutSpawner.prefab
  artifactKey: Guid(4efc98a45341c82429101868dff27796) Importer(815301076,1909f56bfc062723c751e8b465ee728b)
Start importing Assets/Palletes/NutSpawner.prefab using Guid(4efc98a45341c82429101868dff27796) Importer(815301076,1909f56bfc062723c751e8b465ee728b)  -> (artifact id: '296ed6754da9a0aeee847cbf120df29a') in 0.005258 seconds
  Import took 0.010893 seconds .

========================================================================
Received Prepare
Registering precompiled user dll's ...
Registered in 0.001402 seconds.
Begin MonoManager ReloadAssembly
Native extension for LinuxStandalone target not found
Native extension for WindowsStandalone target not found
Native extension for OSXStandalone target not found
Native extension for WebGL target not found
Refreshing native plugins compatible for Editor in 0.38 ms, found 1 plugins.
Preloading 0 native plugins for Editor in 0.00 ms.
Invoked RoslynAnalysisRunner static constructor.
RoslynAnalysisRunner will not be running.
RoslynAnalysisRunner has terminated.
Mono: successfully reloaded assembly
- Completed reload, in  1.012 seconds
Platform modules already initialized, skipping
Refreshing native plugins compatible for Editor in 0.35 ms, found 1 plugins.
Preloading 0 native plugins for Editor in 0.00 ms.
Unloading 1958 Unused Serialized files (Serialized files now loaded: 0)
System memory in use before: 93.3 MB.
System memory in use after: 93.3 MB.

Unloading 13 unused Assets to reduce memory usage. Loaded Objects now: 2524.
Total: 2.540900 ms (FindLiveObjects: 0.262300 ms CreateObjectMapping: 0.120200 ms MarkObjects: 1.921400 ms  DeleteObjects: 0.234800 ms)

========================================================================
Received Import Request.
  Time since last request: 208.258695 seconds.
  path: Assets/Palletes/Bolt.prefab
  artifactKey: Guid(a3618f893ebf64d49960131698de94a0) Importer(815301076,1909f56bfc062723c751e8b465ee728b)
Start importing Assets/Palletes/Bolt.prefab using Guid(a3618f893ebf64d49960131698de94a0) Importer(815301076,1909f56bfc062723c751e8b465ee728b)  -> (artifact id: 'c314e1facda8556341abbc0ae0080a01') in 0.057952 seconds
  Import took 0.063364 seconds .

========================================================================
Received Import Request.
  Time since last request: 0.016160 seconds.
  path: Assets/Palletes/Bolt.prefab
  artifactKey: Guid(a3618f893ebf64d49960131698de94a0) Importer(815301076,1909f56bfc062723c751e8b465ee728b)
Start importing Assets/Palletes/Bolt.prefab using Guid(a3618f893ebf64d49960131698de94a0) Importer(815301076,1909f56bfc062723c751e8b465ee728b)  -> (artifact id: 'c314e1facda8556341abbc0ae0080a01') in 0.009306 seconds
  Import took 0.025825 seconds .

========================================================================
Received Prepare
Registering precompiled user dll's ...
Registered in 0.001056 seconds.
Begin MonoManager ReloadAssembly
Native extension for LinuxStandalone target not found
Native extension for WindowsStandalone target not found
Native extension for OSXStandalone target not found
Native extension for WebGL target not found
Refreshing native plugins compatible for Editor in 0.34 ms, found 1 plugins.
Preloading 0 native plugins for Editor in 0.00 ms.
Invoked RoslynAnalysisRunner static constructor.
RoslynAnalysisRunner will not be running.
RoslynAnalysisRunner has terminated.
Mono: successfully reloaded assembly
- Completed reload, in  0.841 seconds
Platform modules already initialized, skipping
Refreshing native plugins compatible for Editor in 0.43 ms, found 1 plugins.
Preloading 0 native plugins for Editor in 0.00 ms.
Unloading 1958 Unused Serialized files (Serialized files now loaded: 0)
System memory in use before: 93.3 MB.
System memory in use after: 93.3 MB.

Unloading 13 unused Assets to reduce memory usage. Loaded Objects now: 2529.
Total: 2.379500 ms (FindLiveObjects: 0.253100 ms CreateObjectMapping: 0.077400 ms MarkObjects: 1.947600 ms  DeleteObjects: 0.100400 ms)

========================================================================
Received Prepare
Registering precompiled user dll's ...
Registered in 0.001320 seconds.
Begin MonoManager ReloadAssembly
Native extension for LinuxStandalone target not found
Native extension for WindowsStandalone target not found
Native extension for OSXStandalone target not found
Native extension for WebGL target not found
Refreshing native plugins compatible for Editor in 0.36 ms, found 1 plugins.
Preloading 0 native plugins for Editor in 0.00 ms.
Invoked RoslynAnalysisRunner static constructor.
RoslynAnalysisRunner will not be running.
RoslynAnalysisRunner has terminated.
Mono: successfully reloaded assembly
- Completed reload, in  0.881 seconds
Platform modules already initialized, skipping
Refreshing native plugins compatible for Editor in 0.45 ms, found 1 plugins.
Preloading 0 native plugins for Editor in 0.00 ms.
Unloading 1958 Unused Serialized files (Serialized files now loaded: 0)
System memory in use before: 93.3 MB.
System memory in use after: 93.3 MB.

Unloading 13 unused Assets to reduce memory usage. Loaded Objects now: 2533.
Total: 4.053000 ms (FindLiveObjects: 0.583600 ms CreateObjectMapping: 0.285000 ms MarkObjects: 3.008600 ms  DeleteObjects: 0.173300 ms)

========================================================================
Received Prepare
Registering precompiled user dll's ...
Registered in 0.091745 seconds.
Begin MonoManager ReloadAssembly
Native extension for LinuxStandalone target not found
Native extension for WindowsStandalone target not found
Native extension for OSXStandalone target not found
Native extension for WebGL target not found
Refreshing native plugins compatible for Editor in 0.36 ms, found 1 plugins.
Preloading 0 native plugins for Editor in 0.00 ms.
Invoked RoslynAnalysisRunner static constructor.
RoslynAnalysisRunner will not be running.
RoslynAnalysisRunner has terminated.
Mono: successfully reloaded assembly
- Completed reload, in  0.958 seconds
Platform modules already initialized, skipping
Refreshing native plugins compatible for Editor in 0.35 ms, found 1 plugins.
Preloading 0 native plugins for Editor in 0.00 ms.
Unloading 1958 Unused Serialized files (Serialized files now loaded: 0)
System memory in use before: 93.3 MB.
System memory in use after: 93.3 MB.

Unloading 13 unused Assets to reduce memory usage. Loaded Objects now: 2537.
Total: 1.976300 ms (FindLiveObjects: 0.217400 ms CreateObjectMapping: 0.072800 ms MarkObjects: 1.585300 ms  DeleteObjects: 0.099900 ms)

========================================================================
Received Prepare
Registering precompiled user dll's ...
Registered in 0.001051 seconds.
Begin MonoManager ReloadAssembly
Native extension for LinuxStandalone target not found
Native extension for WindowsStandalone target not found
Native extension for OSXStandalone target not found
Native extension for WebGL target not found
Refreshing native plugins compatible for Editor in 0.37 ms, found 1 plugins.
Preloading 0 native plugins for Editor in 0.00 ms.
Invoked RoslynAnalysisRunner static constructor.
RoslynAnalysisRunner will not be running.
RoslynAnalysisRunner has terminated.
Mono: successfully reloaded assembly
- Completed reload, in  0.982 seconds
Platform modules already initialized, skipping
Refreshing native plugins compatible for Editor in 0.41 ms, found 1 plugins.
Preloading 0 native plugins for Editor in 0.00 ms.
Unloading 1958 Unused Serialized files (Serialized files now loaded: 0)
System memory in use before: 93.3 MB.
System memory in use after: 93.3 MB.

Unloading 13 unused Assets to reduce memory usage. Loaded Objects now: 2541.
Total: 2.264600 ms (FindLiveObjects: 0.254900 ms CreateObjectMapping: 0.089600 ms MarkObjects: 1.788700 ms  DeleteObjects: 0.129100 ms)

========================================================================
Received Prepare
Registering precompiled user dll's ...
Registered in 0.001064 seconds.
Begin MonoManager ReloadAssembly
Native extension for LinuxStandalone target not found
Native extension for WindowsStandalone target not found
Native extension for OSXStandalone target not found
Native extension for WebGL target not found
Refreshing native plugins compatible for Editor in 0.38 ms, found 1 plugins.
Preloading 0 native plugins for Editor in 0.00 ms.
Invoked RoslynAnalysisRunner static constructor.
RoslynAnalysisRunner will not be running.
RoslynAnalysisRunner has terminated.
Mono: successfully reloaded assembly
- Completed reload, in  1.042 seconds
Platform modules already initialized, skipping
Refreshing native plugins compatible for Editor in 0.37 ms, found 1 plugins.
Preloading 0 native plugins for Editor in 0.00 ms.
Unloading 1958 Unused Serialized files (Serialized files now loaded: 0)
System memory in use before: 93.3 MB.
System memory in use after: 93.3 MB.

Unloading 13 unused Assets to reduce memory usage. Loaded Objects now: 2545.
Total: 2.589600 ms (FindLiveObjects: 0.228100 ms CreateObjectMapping: 0.079100 ms MarkObjects: 2.168700 ms  DeleteObjects: 0.112300 ms)

========================================================================
Received Prepare
Registering precompiled user dll's ...
Registered in 0.001537 seconds.
Begin MonoManager ReloadAssembly
Native extension for LinuxStandalone target not found
Native extension for WindowsStandalone target not found
Native extension for OSXStandalone target not found
Native extension for WebGL target not found
Refreshing native plugins compatible for Editor in 0.37 ms, found 1 plugins.
Preloading 0 native plugins for Editor in 0.00 ms.
Invoked RoslynAnalysisRunner static constructor.
RoslynAnalysisRunner will not be running.
RoslynAnalysisRunner has terminated.
Mono: successfully reloaded assembly
- Completed reload, in  1.016 seconds
Platform modules already initialized, skipping
Refreshing native plugins compatible for Editor in 0.37 ms, found 1 plugins.
Preloading 0 native plugins for Editor in 0.00 ms.
Unloading 1958 Unused Serialized files (Serialized files now loaded: 0)
System memory in use before: 93.3 MB.
System memory in use after: 93.3 MB.

Unloading 13 unused Assets to reduce memory usage. Loaded Objects now: 2549.
Total: 2.266900 ms (FindLiveObjects: 0.271100 ms CreateObjectMapping: 0.095000 ms MarkObjects: 1.802800 ms  DeleteObjects: 0.097200 ms)

========================================================================
Received Prepare
Registering precompiled user dll's ...
Registered in 0.001889 seconds.
Begin MonoManager ReloadAssembly
Native extension for LinuxStandalone target not found
Native extension for WindowsStandalone target not found
Native extension for OSXStandalone target not found
Native extension for WebGL target not found
Refreshing native plugins compatible for Editor in 0.54 ms, found 1 plugins.
Preloading 0 native plugins for Editor in 0.00 ms.
Invoked RoslynAnalysisRunner static constructor.
RoslynAnalysisRunner will not be running.
RoslynAnalysisRunner has terminated.
Mono: successfully reloaded assembly
- Completed reload, in  1.804 seconds
Platform modules already initialized, skipping
Refreshing native plugins compatible for Editor in 0.54 ms, found 1 plugins.
Preloading 0 native plugins for Editor in 0.00 ms.
Unloading 1958 Unused Serialized files (Serialized files now loaded: 0)
System memory in use before: 93.3 MB.
System memory in use after: 93.3 MB.

Unloading 13 unused Assets to reduce memory usage. Loaded Objects now: 2553.
Total: 2.315500 ms (FindLiveObjects: 0.251000 ms CreateObjectMapping: 0.089200 ms MarkObjects: 1.853800 ms  DeleteObjects: 0.119800 ms)

========================================================================
Received Prepare
Registering precompiled user dll's ...
Registered in 0.001172 seconds.
Begin MonoManager ReloadAssembly
Native extension for LinuxStandalone target not found
Native extension for WindowsStandalone target not found
Native extension for OSXStandalone target not found
Native extension for WebGL target not found
Refreshing native plugins compatible for Editor in 0.36 ms, found 1 plugins.
Preloading 0 native plugins for Editor in 0.00 ms.
Invoked RoslynAnalysisRunner static constructor.
RoslynAnalysisRunner will not be running.
RoslynAnalysisRunner has terminated.
Mono: successfully reloaded assembly
- Completed reload, in  1.150 seconds
Platform modules already initialized, skipping
Refreshing native plugins compatible for Editor in 0.38 ms, found 1 plugins.
Preloading 0 native plugins for Editor in 0.00 ms.
Unloading 1958 Unused Serialized files (Serialized files now loaded: 0)
System memory in use before: 93.3 MB.
System memory in use after: 93.3 MB.

Unloading 13 unused Assets to reduce memory usage. Loaded Objects now: 2557.
Total: 2.209300 ms (FindLiveObjects: 0.212200 ms CreateObjectMapping: 0.054100 ms MarkObjects: 1.841700 ms  DeleteObjects: 0.100300 ms)

========================================================================
Received Prepare
Registering precompiled user dll's ...
Registered in 0.001190 seconds.
Begin MonoManager ReloadAssembly
Native extension for LinuxStandalone target not found
Native extension for WindowsStandalone target not found
Native extension for OSXStandalone target not found
Native extension for WebGL target not found
Refreshing native plugins compatible for Editor in 0.43 ms, found 1 plugins.
Preloading 0 native plugins for Editor in 0.00 ms.
Invoked RoslynAnalysisRunner static constructor.
RoslynAnalysisRunner will not be running.
RoslynAnalysisRunner has terminated.
Mono: successfully reloaded assembly
- Completed reload, in  1.539 seconds
Platform modules already initialized, skipping
Refreshing native plugins compatible for Editor in 1.22 ms, found 1 plugins.
Preloading 0 native plugins for Editor in 0.00 ms.
Unloading 1958 Unused Serialized files (Serialized files now loaded: 0)
System memory in use before: 93.3 MB.
System memory in use after: 93.3 MB.

Unloading 13 unused Assets to reduce memory usage. Loaded Objects now: 2561.
Total: 5.009800 ms (FindLiveObjects: 1.124100 ms CreateObjectMapping: 0.300900 ms MarkObjects: 3.453800 ms  DeleteObjects: 0.124600 ms)

========================================================================
Received Prepare
Registering precompiled user dll's ...
Registered in 0.001054 seconds.
Begin MonoManager ReloadAssembly
Native extension for LinuxStandalone target not found
Native extension for WindowsStandalone target not found
Native extension for OSXStandalone target not found
Native extension for WebGL target not found
Refreshing native plugins compatible for Editor in 0.65 ms, found 1 plugins.
Preloading 0 native plugins for Editor in 0.00 ms.
Invoked RoslynAnalysisRunner static constructor.
RoslynAnalysisRunner will not be running.
RoslynAnalysisRunner has terminated.
Mono: successfully reloaded assembly
- Completed reload, in  1.416 seconds
Platform modules already initialized, skipping
Refreshing native plugins compatible for Editor in 0.72 ms, found 1 plugins.
Preloading 0 native plugins for Editor in 0.00 ms.
Unloading 1958 Unused Serialized files (Serialized files now loaded: 0)
System memory in use before: 93.4 MB.
System memory in use after: 93.3 MB.

Unloading 13 unused Assets to reduce memory usage. Loaded Objects now: 2565.
Total: 2.594500 ms (FindLiveObjects: 0.399400 ms CreateObjectMapping: 0.095500 ms MarkObjects: 1.970300 ms  DeleteObjects: 0.128100 ms)

========================================================================
Received Prepare
Registering precompiled user dll's ...
Registered in 0.001260 seconds.
Begin MonoManager ReloadAssembly
Native extension for LinuxStandalone target not found
Native extension for WindowsStandalone target not found
Native extension for OSXStandalone target not found
Native extension for WebGL target not found
Refreshing native plugins compatible for Editor in 1.56 ms, found 1 plugins.
Preloading 0 native plugins for Editor in 0.00 ms.
Invoked RoslynAnalysisRunner static constructor.
RoslynAnalysisRunner will not be running.
RoslynAnalysisRunner has terminated.
Mono: successfully reloaded assembly
- Completed reload, in  1.194 seconds
Platform modules already initialized, skipping
Refreshing native plugins compatible for Editor in 0.62 ms, found 1 plugins.
Preloading 0 native plugins for Editor in 0.00 ms.
Unloading 1958 Unused Serialized files (Serialized files now loaded: 0)
System memory in use before: 93.4 MB.
System memory in use after: 93.4 MB.

Unloading 13 unused Assets to reduce memory usage. Loaded Objects now: 2569.
Total: 2.964700 ms (FindLiveObjects: 0.438500 ms CreateObjectMapping: 0.130200 ms MarkObjects: 2.272800 ms  DeleteObjects: 0.120200 ms)

========================================================================
Received Import Request.
  Time since last request: 1797.013142 seconds.
  path: Assets/Palletes/Nut.prefab
  artifactKey: Guid(7e3496f413d0d184d96c22d037c712d6) Importer(815301076,1909f56bfc062723c751e8b465ee728b)
Start importing Assets/Palletes/Nut.prefab using Guid(7e3496f413d0d184d96c22d037c712d6) Importer(815301076,1909f56bfc062723c751e8b465ee728b)  -> (artifact id: 'ccd54d589bad13311c3e9e58483a58a7') in 0.098721 seconds
  Import took 0.109164 seconds .

========================================================================
Received Import Request.
  Time since last request: 6.448735 seconds.
  path: Assets/Palletes/Nut.prefab
  artifactKey: Guid(7e3496f413d0d184d96c22d037c712d6) Importer(815301076,1909f56bfc062723c751e8b465ee728b)
Start importing Assets/Palletes/Nut.prefab using Guid(7e3496f413d0d184d96c22d037c712d6) Importer(815301076,1909f56bfc062723c751e8b465ee728b)  -> (artifact id: '08a7580b5e4456b499e5554c6238836d') in 0.013446 seconds
  Import took 0.021977 seconds .

========================================================================
Received Prepare
Registering precompiled user dll's ...
Registered in 0.001209 seconds.
Begin MonoManager ReloadAssembly
Native extension for LinuxStandalone target not found
Native extension for WindowsStandalone target not found
Native extension for OSXStandalone target not found
Native extension for WebGL target not found
Refreshing native plugins compatible for Editor in 0.51 ms, found 1 plugins.
Preloading 0 native plugins for Editor in 0.00 ms.
Invoked RoslynAnalysisRunner static constructor.
RoslynAnalysisRunner will not be running.
RoslynAnalysisRunner has terminated.
Mono: successfully reloaded assembly
- Completed reload, in  1.258 seconds
Platform modules already initialized, skipping
Refreshing native plugins compatible for Editor in 1.03 ms, found 1 plugins.
Preloading 0 native plugins for Editor in 0.00 ms.
Unloading 1958 Unused Serialized files (Serialized files now loaded: 0)
System memory in use before: 93.4 MB.
System memory in use after: 93.4 MB.

Unloading 13 unused Assets to reduce memory usage. Loaded Objects now: 2574.
Total: 2.160800 ms (FindLiveObjects: 0.232900 ms CreateObjectMapping: 0.078900 ms MarkObjects: 1.708600 ms  DeleteObjects: 0.138900 ms)

========================================================================
Received Import Request.
  Time since last request: 60.386657 seconds.
  path: Assets/Palletes/Nut.prefab
  artifactKey: Guid(7e3496f413d0d184d96c22d037c712d6) Importer(815301076,1909f56bfc062723c751e8b465ee728b)
Start importing Assets/Palletes/Nut.prefab using Guid(7e3496f413d0d184d96c22d037c712d6) Importer(815301076,1909f56bfc062723c751e8b465ee728b)  -> (artifact id: '71420d87850a2daa89e6bda0cac96ca2') in 0.048493 seconds
  Import took 0.053072 seconds .

